have_header: checking for ruby/thread.h... -------------------- yes

"gcc -o conftest -I/home/nabe/.rbenv/versions/2.0.0-p247/include/ruby-2.0.0/x86_64-linux -I/home/nabe/.rbenv/versions/2.0.0-p247/include/ruby-2.0.0/ruby/backward -I/home/nabe/.rbenv/versions/2.0.0-p247/include/ruby-2.0.0 -I. -I'/home/nabe/.rbenv/versions/2.0.0-p247/include'     -O3 -fno-fast-math -ggdb3 -Wall -Wextra -Wno-unused-parameter -Wno-parentheses -Wno-long-long -Wno-missing-field-initializers -Wunused-variable -Wpointer-arith -Wwrite-strings -Wdeclaration-after-statement -Wimplicit-function-declaration conftest.c  -L. -L/home/nabe/.rbenv/versions/2.0.0-p247/lib -Wl,-R/home/nabe/.rbenv/versions/2.0.0-p247/lib -L. -L'/home/nabe/.rbenv/versions/2.0.0-p247/lib'  -fstack-protector -rdynamic -Wl,-export-dynamic     -Wl,-R -Wl,/home/nabe/.rbenv/versions/2.0.0-p247/lib -L/home/nabe/.rbenv/versions/2.0.0-p247/lib -lruby-static  -lpthread -lrt -ldl -lcrypt -lm   -lc"
checked program was:
/* begin */
1: #include "ruby.h"
2: 
3: int main(int argc, char **argv)
4: {
5:   return 0;
6: }
/* end */

"gcc -E -I/home/nabe/.rbenv/versions/2.0.0-p247/include/ruby-2.0.0/x86_64-linux -I/home/nabe/.rbenv/versions/2.0.0-p247/include/ruby-2.0.0/ruby/backward -I/home/nabe/.rbenv/versions/2.0.0-p247/include/ruby-2.0.0 -I. -I'/home/nabe/.rbenv/versions/2.0.0-p247/include'     -O3 -fno-fast-math -ggdb3 -Wall -Wextra -Wno-unused-parameter -Wno-parentheses -Wno-long-long -Wno-missing-field-initializers -Wunused-variable -Wpointer-arith -Wwrite-strings -Wdeclaration-after-statement -Wimplicit-function-declaration  conftest.c -o conftest.i"
checked program was:
/* begin */
1: #include "ruby.h"
2: 
3: #include <ruby/thread.h>
/* end */

--------------------

have_func: checking for rb_thread_call_without_gvl() in ruby/thread.h... -------------------- yes

"gcc -o conftest -I/home/nabe/.rbenv/versions/2.0.0-p247/include/ruby-2.0.0/x86_64-linux -I/home/nabe/.rbenv/versions/2.0.0-p247/include/ruby-2.0.0/ruby/backward -I/home/nabe/.rbenv/versions/2.0.0-p247/include/ruby-2.0.0 -I. -I'/home/nabe/.rbenv/versions/2.0.0-p247/include'     -O3 -fno-fast-math -ggdb3 -Wall -Wextra -Wno-unused-parameter -Wno-parentheses -Wno-long-long -Wno-missing-field-initializers -Wunused-variable -Wpointer-arith -Wwrite-strings -Wdeclaration-after-statement -Wimplicit-function-declaration conftest.c  -L. -L/home/nabe/.rbenv/versions/2.0.0-p247/lib -Wl,-R/home/nabe/.rbenv/versions/2.0.0-p247/lib -L. -L'/home/nabe/.rbenv/versions/2.0.0-p247/lib'  -fstack-protector -rdynamic -Wl,-export-dynamic     -Wl,-R -Wl,/home/nabe/.rbenv/versions/2.0.0-p247/lib -L/home/nabe/.rbenv/versions/2.0.0-p247/lib -lruby-static  -lpthread -lrt -ldl -lcrypt -lm   -lc"
checked program was:
/* begin */
 1: #include "ruby.h"
 2: 
 3: #include <ruby/thread.h>
 4: 
 5: /*top*/
 6: extern int t(void);
 7: int t(void) { void ((*volatile p)()); p = (void ((*)()))rb_thread_call_without_gvl; return 0; }
 8: int main(int argc, char **argv)
 9: {
10:   if (argc > 1000000) {
11:     printf("%p", &t);
12:   }
13: 
14:   return 0;
15: }
/* end */

--------------------

have_func: checking for rb_thread_blocking_region()... -------------------- yes

"gcc -o conftest -I/home/nabe/.rbenv/versions/2.0.0-p247/include/ruby-2.0.0/x86_64-linux -I/home/nabe/.rbenv/versions/2.0.0-p247/include/ruby-2.0.0/ruby/backward -I/home/nabe/.rbenv/versions/2.0.0-p247/include/ruby-2.0.0 -I. -I'/home/nabe/.rbenv/versions/2.0.0-p247/include'     -O3 -fno-fast-math -ggdb3 -Wall -Wextra -Wno-unused-parameter -Wno-parentheses -Wno-long-long -Wno-missing-field-initializers -Wunused-variable -Wpointer-arith -Wwrite-strings -Wdeclaration-after-statement -Wimplicit-function-declaration conftest.c  -L. -L/home/nabe/.rbenv/versions/2.0.0-p247/lib -Wl,-R/home/nabe/.rbenv/versions/2.0.0-p247/lib -L. -L'/home/nabe/.rbenv/versions/2.0.0-p247/lib'  -fstack-protector -rdynamic -Wl,-export-dynamic     -Wl,-R -Wl,/home/nabe/.rbenv/versions/2.0.0-p247/lib -L/home/nabe/.rbenv/versions/2.0.0-p247/lib -lruby-static  -lpthread -lrt -ldl -lcrypt -lm   -lc"
conftest.c: In function ‘t’:
conftest.c:5: 警告: ‘rb_thread_blocking_region’ is deprecated (declared at /home/nabe/.rbenv/versions/2.0.0-p247/include/ruby-2.0.0/ruby/intern.h:839)
checked program was:
/* begin */
 1: #include "ruby.h"
 2: 
 3: /*top*/
 4: extern int t(void);
 5: int t(void) { void ((*volatile p)()); p = (void ((*)()))rb_thread_blocking_region; return 0; }
 6: int main(int argc, char **argv)
 7: {
 8:   if (argc > 1000000) {
 9:     printf("%p", &t);
10:   }
11: 
12:   return 0;
13: }
/* end */

--------------------

have_func: checking for rb_wait_for_single_fd()... -------------------- yes

"gcc -o conftest -I/home/nabe/.rbenv/versions/2.0.0-p247/include/ruby-2.0.0/x86_64-linux -I/home/nabe/.rbenv/versions/2.0.0-p247/include/ruby-2.0.0/ruby/backward -I/home/nabe/.rbenv/versions/2.0.0-p247/include/ruby-2.0.0 -I. -I'/home/nabe/.rbenv/versions/2.0.0-p247/include'     -O3 -fno-fast-math -ggdb3 -Wall -Wextra -Wno-unused-parameter -Wno-parentheses -Wno-long-long -Wno-missing-field-initializers -Wunused-variable -Wpointer-arith -Wwrite-strings -Wdeclaration-after-statement -Wimplicit-function-declaration conftest.c  -L. -L/home/nabe/.rbenv/versions/2.0.0-p247/lib -Wl,-R/home/nabe/.rbenv/versions/2.0.0-p247/lib -L. -L'/home/nabe/.rbenv/versions/2.0.0-p247/lib'  -fstack-protector -rdynamic -Wl,-export-dynamic     -Wl,-R -Wl,/home/nabe/.rbenv/versions/2.0.0-p247/lib -L/home/nabe/.rbenv/versions/2.0.0-p247/lib -lruby-static  -lpthread -lrt -ldl -lcrypt -lm   -lc"
conftest.c: In function ‘t’:
conftest.c:5: error: ‘rb_wait_for_single_fd’ undeclared (first use in this function)
conftest.c:5: error: (Each undeclared identifier is reported only once
conftest.c:5: error: for each function it appears in.)
checked program was:
/* begin */
 1: #include "ruby.h"
 2: 
 3: /*top*/
 4: extern int t(void);
 5: int t(void) { void ((*volatile p)()); p = (void ((*)()))rb_wait_for_single_fd; return 0; }
 6: int main(int argc, char **argv)
 7: {
 8:   if (argc > 1000000) {
 9:     printf("%p", &t);
10:   }
11: 
12:   return 0;
13: }
/* end */

"gcc -o conftest -I/home/nabe/.rbenv/versions/2.0.0-p247/include/ruby-2.0.0/x86_64-linux -I/home/nabe/.rbenv/versions/2.0.0-p247/include/ruby-2.0.0/ruby/backward -I/home/nabe/.rbenv/versions/2.0.0-p247/include/ruby-2.0.0 -I. -I'/home/nabe/.rbenv/versions/2.0.0-p247/include'     -O3 -fno-fast-math -ggdb3 -Wall -Wextra -Wno-unused-parameter -Wno-parentheses -Wno-long-long -Wno-missing-field-initializers -Wunused-variable -Wpointer-arith -Wwrite-strings -Wdeclaration-after-statement -Wimplicit-function-declaration conftest.c  -L. -L/home/nabe/.rbenv/versions/2.0.0-p247/lib -Wl,-R/home/nabe/.rbenv/versions/2.0.0-p247/lib -L. -L'/home/nabe/.rbenv/versions/2.0.0-p247/lib'  -fstack-protector -rdynamic -Wl,-export-dynamic     -Wl,-R -Wl,/home/nabe/.rbenv/versions/2.0.0-p247/lib -L/home/nabe/.rbenv/versions/2.0.0-p247/lib -lruby-static  -lpthread -lrt -ldl -lcrypt -lm   -lc"
conftest.c: In function ‘t’:
conftest.c:5: 警告: implicit declaration of function ‘rb_wait_for_single_fd’
checked program was:
/* begin */
 1: #include "ruby.h"
 2: 
 3: /*top*/
 4: extern int t(void);
 5: int t(void) { rb_wait_for_single_fd(); return 0; }
 6: int main(int argc, char **argv)
 7: {
 8:   if (argc > 1000000) {
 9:     printf("%p", &t);
10:   }
11: 
12:   return 0;
13: }
/* end */

--------------------

have_func: checking for rb_hash_dup()... -------------------- yes

"gcc -o conftest -I/home/nabe/.rbenv/versions/2.0.0-p247/include/ruby-2.0.0/x86_64-linux -I/home/nabe/.rbenv/versions/2.0.0-p247/include/ruby-2.0.0/ruby/backward -I/home/nabe/.rbenv/versions/2.0.0-p247/include/ruby-2.0.0 -I. -I'/home/nabe/.rbenv/versions/2.0.0-p247/include'     -O3 -fno-fast-math -ggdb3 -Wall -Wextra -Wno-unused-parameter -Wno-parentheses -Wno-long-long -Wno-missing-field-initializers -Wunused-variable -Wpointer-arith -Wwrite-strings -Wdeclaration-after-statement -Wimplicit-function-declaration conftest.c  -L. -L/home/nabe/.rbenv/versions/2.0.0-p247/lib -Wl,-R/home/nabe/.rbenv/versions/2.0.0-p247/lib -L. -L'/home/nabe/.rbenv/versions/2.0.0-p247/lib'  -fstack-protector -rdynamic -Wl,-export-dynamic     -Wl,-R -Wl,/home/nabe/.rbenv/versions/2.0.0-p247/lib -L/home/nabe/.rbenv/versions/2.0.0-p247/lib -lruby-static  -lpthread -lrt -ldl -lcrypt -lm   -lc"
checked program was:
/* begin */
 1: #include "ruby.h"
 2: 
 3: /*top*/
 4: extern int t(void);
 5: int t(void) { void ((*volatile p)()); p = (void ((*)()))rb_hash_dup; return 0; }
 6: int main(int argc, char **argv)
 7: {
 8:   if (argc > 1000000) {
 9:     printf("%p", &t);
10:   }
11: 
12:   return 0;
13: }
/* end */

--------------------

have_func: checking for rb_intern3()... -------------------- yes

"gcc -o conftest -I/home/nabe/.rbenv/versions/2.0.0-p247/include/ruby-2.0.0/x86_64-linux -I/home/nabe/.rbenv/versions/2.0.0-p247/include/ruby-2.0.0/ruby/backward -I/home/nabe/.rbenv/versions/2.0.0-p247/include/ruby-2.0.0 -I. -I'/home/nabe/.rbenv/versions/2.0.0-p247/include'     -O3 -fno-fast-math -ggdb3 -Wall -Wextra -Wno-unused-parameter -Wno-parentheses -Wno-long-long -Wno-missing-field-initializers -Wunused-variable -Wpointer-arith -Wwrite-strings -Wdeclaration-after-statement -Wimplicit-function-declaration conftest.c  -L. -L/home/nabe/.rbenv/versions/2.0.0-p247/lib -Wl,-R/home/nabe/.rbenv/versions/2.0.0-p247/lib -L. -L'/home/nabe/.rbenv/versions/2.0.0-p247/lib'  -fstack-protector -rdynamic -Wl,-export-dynamic     -Wl,-R -Wl,/home/nabe/.rbenv/versions/2.0.0-p247/lib -L/home/nabe/.rbenv/versions/2.0.0-p247/lib -lruby-static  -lpthread -lrt -ldl -lcrypt -lm   -lc"
conftest.c: In function ‘t’:
conftest.c:5: error: ‘rb_intern3’ undeclared (first use in this function)
conftest.c:5: error: (Each undeclared identifier is reported only once
conftest.c:5: error: for each function it appears in.)
checked program was:
/* begin */
 1: #include "ruby.h"
 2: 
 3: /*top*/
 4: extern int t(void);
 5: int t(void) { void ((*volatile p)()); p = (void ((*)()))rb_intern3; return 0; }
 6: int main(int argc, char **argv)
 7: {
 8:   if (argc > 1000000) {
 9:     printf("%p", &t);
10:   }
11: 
12:   return 0;
13: }
/* end */

"gcc -o conftest -I/home/nabe/.rbenv/versions/2.0.0-p247/include/ruby-2.0.0/x86_64-linux -I/home/nabe/.rbenv/versions/2.0.0-p247/include/ruby-2.0.0/ruby/backward -I/home/nabe/.rbenv/versions/2.0.0-p247/include/ruby-2.0.0 -I. -I'/home/nabe/.rbenv/versions/2.0.0-p247/include'     -O3 -fno-fast-math -ggdb3 -Wall -Wextra -Wno-unused-parameter -Wno-parentheses -Wno-long-long -Wno-missing-field-initializers -Wunused-variable -Wpointer-arith -Wwrite-strings -Wdeclaration-after-statement -Wimplicit-function-declaration conftest.c  -L. -L/home/nabe/.rbenv/versions/2.0.0-p247/lib -Wl,-R/home/nabe/.rbenv/versions/2.0.0-p247/lib -L. -L'/home/nabe/.rbenv/versions/2.0.0-p247/lib'  -fstack-protector -rdynamic -Wl,-export-dynamic     -Wl,-R -Wl,/home/nabe/.rbenv/versions/2.0.0-p247/lib -L/home/nabe/.rbenv/versions/2.0.0-p247/lib -lruby-static  -lpthread -lrt -ldl -lcrypt -lm   -lc"
conftest.c: In function ‘t’:
conftest.c:5: 警告: implicit declaration of function ‘rb_intern3’
checked program was:
/* begin */
 1: #include "ruby.h"
 2: 
 3: /*top*/
 4: extern int t(void);
 5: int t(void) { rb_intern3(); return 0; }
 6: int main(int argc, char **argv)
 7: {
 8:   if (argc > 1000000) {
 9:     printf("%p", &t);
10:   }
11: 
12:   return 0;
13: }
/* end */

--------------------

have_header: checking for mysql.h... -------------------- yes

"gcc -E -I/home/nabe/.rbenv/versions/2.0.0-p247/include/ruby-2.0.0/x86_64-linux -I/home/nabe/.rbenv/versions/2.0.0-p247/include/ruby-2.0.0/ruby/backward -I/home/nabe/.rbenv/versions/2.0.0-p247/include/ruby-2.0.0 -I. -I/usr/include/mysql -I'/home/nabe/.rbenv/versions/2.0.0-p247/include'     -O3 -fno-fast-math -ggdb3 -Wall -Wextra -Wno-unused-parameter -Wno-parentheses -Wno-long-long -Wno-missing-field-initializers -Wunused-variable -Wpointer-arith -Wwrite-strings -Wdeclaration-after-statement -Wimplicit-function-declaration  conftest.c -o conftest.i"
checked program was:
/* begin */
1: #include "ruby.h"
2: 
3: #include <mysql.h>
/* end */

--------------------

have_header: checking for errmsg.h... -------------------- yes

"gcc -E -I/home/nabe/.rbenv/versions/2.0.0-p247/include/ruby-2.0.0/x86_64-linux -I/home/nabe/.rbenv/versions/2.0.0-p247/include/ruby-2.0.0/ruby/backward -I/home/nabe/.rbenv/versions/2.0.0-p247/include/ruby-2.0.0 -I. -I/usr/include/mysql -I'/home/nabe/.rbenv/versions/2.0.0-p247/include'     -O3 -fno-fast-math -ggdb3 -Wall -Wextra -Wno-unused-parameter -Wno-parentheses -Wno-long-long -Wno-missing-field-initializers -Wunused-variable -Wpointer-arith -Wwrite-strings -Wdeclaration-after-statement -Wimplicit-function-declaration  conftest.c -o conftest.i"
checked program was:
/* begin */
1: #include "ruby.h"
2: 
3: #include <errmsg.h>
/* end */

--------------------

have_header: checking for mysqld_error.h... -------------------- yes

"gcc -E -I/home/nabe/.rbenv/versions/2.0.0-p247/include/ruby-2.0.0/x86_64-linux -I/home/nabe/.rbenv/versions/2.0.0-p247/include/ruby-2.0.0/ruby/backward -I/home/nabe/.rbenv/versions/2.0.0-p247/include/ruby-2.0.0 -I. -I/usr/include/mysql -I'/home/nabe/.rbenv/versions/2.0.0-p247/include'     -O3 -fno-fast-math -ggdb3 -Wall -Wextra -Wno-unused-parameter -Wno-parentheses -Wno-long-long -Wno-missing-field-initializers -Wunused-variable -Wpointer-arith -Wwrite-strings -Wdeclaration-after-statement -Wimplicit-function-declaration  conftest.c -o conftest.i"
checked program was:
/* begin */
1: #include "ruby.h"
2: 
3: #include <mysqld_error.h>
/* end */

--------------------

"gcc -o conftest -I/home/nabe/.rbenv/versions/2.0.0-p247/include/ruby-2.0.0/x86_64-linux -I/home/nabe/.rbenv/versions/2.0.0-p247/include/ruby-2.0.0/ruby/backward -I/home/nabe/.rbenv/versions/2.0.0-p247/include/ruby-2.0.0 -I. -I/usr/include/mysql -I'/home/nabe/.rbenv/versions/2.0.0-p247/include'     -O3 -fno-fast-math -ggdb3 -Wall -Wextra -Wno-unused-parameter -Wno-parentheses -Wno-long-long -Wno-missing-field-initializers -Wunused-variable -Wpointer-arith -Wwrite-strings -Wdeclaration-after-statement -Wimplicit-function-declaration conftest.c  -L. -L/home/nabe/.rbenv/versions/2.0.0-p247/lib -Wl,-R/home/nabe/.rbenv/versions/2.0.0-p247/lib -L. -L'/home/nabe/.rbenv/versions/2.0.0-p247/lib'  -fstack-protector -rdynamic -Wl,-export-dynamic    -rdynamic -L/usr/lib64/mysql -lmysqlclient_r -L/usr/lib64 -lz -lpthread -lcrypt -lnsl -lm -lpthread -L/usr/lib/ -lssl -lcrypto -lmygcc  -Wl,-R -Wl,/home/nabe/.rbenv/versions/2.0.0-p247/lib -L/home/nabe/.rbenv/versions/2.0.0-p247/lib -lruby-static  -Wall -funroll-loops -lpthread -lrt -ldl -lcrypt -lm   -lc"
checked program was:
/* begin */
1: #include "ruby.h"
2: 
3: int main() {return 0;}
/* end */

